2023-01-16 18:11:08,377  INFO [main] letcode:43 - browser is opened
2023-01-16 18:11:13,197  INFO [main] letcode:47 - site is opened
2023-01-16 18:11:13,232  INFO [main] letcode:22 - test case passed
2023-01-16 18:11:18,241  INFO [main] letcode:54 - close the browser
2023-01-16 18:12:00,614  INFO [main] letcode:43 - browser is opened
2023-01-16 18:12:04,747  INFO [main] letcode:47 - site is opened
2023-01-16 18:12:04,777  INFO [main] letcode:22 - test case passed
2023-01-16 18:12:09,782  INFO [main] letcode:54 - close the browser
2023-01-16 18:42:02,175  INFO [main] letcode:44 - browser is opened
2023-01-16 18:42:06,450  INFO [main] letcode:49 - site is opened
2023-01-16 18:43:29,280  INFO [main] letcode:44 - browser is opened
2023-01-16 18:43:34,065  INFO [main] letcode:49 - site is opened
2023-01-16 18:44:48,042  INFO [main] letcode:44 - browser is opened
2023-01-16 18:44:53,748  INFO [main] letcode:49 - site is opened
2023-01-16 18:45:56,014  INFO [main] letcode:44 - browser is opened
2023-01-16 18:46:01,788  INFO [main] letcode:49 - site is opened
2023-01-16 18:46:01,819  INFO [main] letcode:25 - test case passed
2023-01-16 18:46:06,826  INFO [main] letcode:57 - close the browser
2023-01-16 18:47:39,723  INFO [main] letcode:44 - browser is opened
2023-01-16 18:47:45,638  INFO [main] letcode:49 - site is opened
2023-01-16 18:47:45,660  INFO [main] letcode:25 - test case passed
2023-01-16 18:47:50,671  INFO [main] letcode:57 - close the browser
2023-01-16 18:49:40,354  INFO [main] letcode:45 - browser is opened
2023-01-16 18:49:46,158  INFO [main] letcode:50 - site is opened
2023-01-16 18:51:13,802  INFO [main] letcode:45 - browser is opened
2023-01-16 18:51:18,466  INFO [main] letcode:50 - site is opened
2023-01-16 18:51:18,690  INFO [main] letcode:25 - test case passed
2023-01-16 18:51:23,700  INFO [main] letcode:58 - close the browser
2023-01-17 11:52:28,969  INFO [main] letcode:43 - browser is opened
2023-01-17 11:52:32,669  INFO [main] letcode:48 - site is opened
2023-01-17 11:52:32,898  INFO [main] letcode:25 - test case passed
2023-01-17 11:52:37,913  INFO [main] letcode:56 - close the browser
2023-01-17 11:52:38,905  INFO [main] letcode:43 - browser is opened
2023-01-17 11:52:42,633  INFO [main] letcode:48 - site is opened
2023-01-17 11:52:42,870  INFO [main] letcode:20 - WorkSpace Label Test Passed
2023-01-17 11:52:47,874  INFO [main] letcode:56 - close the browser
2023-01-17 12:02:58,403  INFO [main] letcode:43 - browser is opened
2023-01-17 12:03:01,634  INFO [main] letcode:48 - site is opened
2023-01-17 12:03:02,393  INFO [main] letcode:43 - browser is opened
2023-01-17 12:03:03,813  INFO [main] letcode:48 - site is opened
2023-01-17 12:03:41,569  INFO [main] letcode:43 - browser is opened
2023-01-17 12:03:43,490  INFO [main] letcode:48 - site is opened
2023-01-17 12:03:44,278  INFO [main] letcode:43 - browser is opened
2023-01-17 12:03:45,471  INFO [main] letcode:48 - site is opened
2023-01-17 12:05:57,925  INFO [main] letcode:43 - browser is opened
2023-01-17 12:05:58,928  INFO [main] letcode:48 - site is opened
2023-01-17 12:05:59,714  INFO [main] letcode:43 - browser is opened
2023-01-17 12:06:00,697  INFO [main] letcode:48 - site is opened
2023-01-17 12:06:01,496  INFO [main] letcode:43 - browser is opened
2023-01-17 12:06:02,560  INFO [main] letcode:48 - site is opened
2023-01-17 12:08:15,096  INFO [main] letcode:43 - browser is opened
2023-01-17 12:08:20,055  INFO [main] letcode:48 - site is opened
2023-01-17 12:08:20,278  INFO [main] letcode:25 - test case passed
2023-01-17 12:08:25,285  INFO [main] letcode:56 - close the browser
2023-01-17 12:08:26,291  INFO [main] letcode:43 - browser is opened
2023-01-17 12:08:30,161  INFO [main] letcode:48 - site is opened
2023-01-17 12:08:35,394  INFO [main] letcode:56 - close the browser
2023-01-17 12:08:36,290  INFO [main] letcode:43 - browser is opened
2023-01-17 12:08:40,001  INFO [main] letcode:48 - site is opened
2023-01-17 12:08:40,205  INFO [main] letcode:20 - WorkSpace Label Test Passed
2023-01-17 12:08:45,209  INFO [main] letcode:56 - close the browser
2023-01-17 12:11:23,358  INFO [main] letcode:43 - browser is opened
2023-01-17 12:11:27,202  INFO [main] letcode:48 - site is opened
2023-01-17 12:11:27,426  INFO [main] letcode:25 - test case passed
2023-01-17 12:11:32,443  INFO [main] letcode:56 - close the browser
2023-01-17 12:11:33,446  INFO [main] letcode:43 - browser is opened
2023-01-17 12:11:38,191  INFO [main] letcode:48 - site is opened
2023-01-17 12:11:43,521  INFO [main] letcode:56 - close the browser
2023-01-17 12:11:44,497  INFO [main] letcode:43 - browser is opened
2023-01-17 12:11:48,176  INFO [main] letcode:48 - site is opened
2023-01-17 12:11:48,380  INFO [main] letcode:20 - WorkSpace Label Test Passed
2023-01-17 12:11:53,386  INFO [main] letcode:56 - close the browser
2023-01-17 12:12:40,139  INFO [TestNG-test=chromeTest-3] letcode:43 - browser is opened
2023-01-17 12:12:40,138  INFO [TestNG-test=chromeTest-2] letcode:43 - browser is opened
2023-01-17 12:12:40,141  INFO [TestNG-test=chromeTest-1] letcode:43 - browser is opened
2023-01-17 12:12:44,831  INFO [TestNG-test=chromeTest-1] letcode:48 - site is opened
2023-01-17 12:12:44,959  INFO [TestNG-test=chromeTest-3] letcode:48 - site is opened
2023-01-17 12:12:44,975  INFO [TestNG-test=chromeTest-2] letcode:48 - site is opened
2023-01-17 12:12:45,106  INFO [TestNG-test=chromeTest-1] letcode:25 - test case passed
2023-01-17 12:12:45,360  INFO [TestNG-test=chromeTest-3] letcode:20 - WorkSpace Label Test Passed
2023-01-17 12:12:50,123  INFO [TestNG-test=chromeTest-1] letcode:56 - close the browser
2023-01-17 12:12:50,369  INFO [TestNG-test=chromeTest-3] letcode:56 - close the browser
2023-01-17 12:12:50,394  INFO [TestNG-test=chromeTest-2] letcode:56 - close the browser
2023-01-17 12:16:50,335  INFO [TestNG-test=chromeTest-1] letcode:43 - browser is opened
2023-01-17 12:16:50,334  INFO [TestNG-test=chromeTest-2] letcode:43 - browser is opened
2023-01-17 12:16:50,336  INFO [TestNG-test=chromeTest-3] letcode:43 - browser is opened
2023-01-17 12:16:56,027  INFO [TestNG-test=chromeTest-3] letcode:48 - site is opened
2023-01-17 12:16:56,189  INFO [TestNG-test=chromeTest-2] letcode:48 - site is opened
2023-01-17 12:16:56,349  INFO [TestNG-test=chromeTest-1] letcode:48 - site is opened
2023-01-17 12:16:56,484  INFO [TestNG-test=chromeTest-3] letcode:20 - WorkSpace Label Test Passed
2023-01-17 12:16:56,645  INFO [TestNG-test=chromeTest-1] letcode:25 - test case passed
2023-01-17 12:17:01,498  INFO [TestNG-test=chromeTest-3] letcode:56 - close the browser
2023-01-17 12:17:01,562  INFO [TestNG-test=chromeTest-2] letcode:56 - close the browser
2023-01-17 12:17:01,652  INFO [TestNG-test=chromeTest-1] letcode:56 - close the browser
2023-01-17 12:22:58,005  INFO [TestNG-test=chromeTest-2] letcode:43 - browser is opened
2023-01-17 12:22:58,004  INFO [TestNG-test=chromeTest-1] letcode:43 - browser is opened
2023-01-17 12:22:58,006  INFO [TestNG-test=chromeTest-3] letcode:43 - browser is opened
2023-01-17 12:23:02,403  INFO [TestNG-test=chromeTest-1] letcode:48 - site is opened
2023-01-17 12:23:02,474  INFO [TestNG-test=chromeTest-2] letcode:48 - site is opened
2023-01-17 12:23:02,686  INFO [TestNG-test=chromeTest-1] letcode:25 - test case passed
2023-01-17 12:23:03,851  INFO [TestNG-test=chromeTest-3] letcode:48 - site is opened
2023-01-17 12:23:04,041  INFO [TestNG-test=chromeTest-3] letcode:20 - WorkSpace Label Test Passed
2023-01-17 12:23:07,707  INFO [TestNG-test=chromeTest-1] letcode:56 - close the browser
2023-01-17 12:23:08,061  INFO [TestNG-test=chromeTest-2] letcode:56 - close the browser
2023-01-17 12:23:09,046  INFO [TestNG-test=chromeTest-3] letcode:56 - close the browser
2023-01-17 13:23:00,425  INFO [TestNG-test=chromeTest-2] letcode:43 - browser is opened
2023-01-17 13:23:00,424  INFO [TestNG-test=chromeTest-1] letcode:43 - browser is opened
2023-01-17 13:23:00,427  INFO [TestNG-test=chromeTest-3] letcode:43 - browser is opened
2023-01-17 13:23:06,408  INFO [TestNG-test=chromeTest-3] letcode:48 - site is opened
2023-01-17 13:23:06,649  INFO [TestNG-test=chromeTest-2] letcode:48 - site is opened
2023-01-17 13:23:06,772  INFO [TestNG-test=chromeTest-3] letcode:20 - WorkSpace Label Test Passed
2023-01-17 13:23:10,478  INFO [TestNG-test=chromeTest-1] letcode:48 - site is opened
2023-01-17 13:23:10,680  INFO [TestNG-test=chromeTest-1] letcode:25 - test case passed
2023-01-17 13:23:11,788  INFO [TestNG-test=chromeTest-3] letcode:56 - close the browser
2023-01-17 13:23:11,910  INFO [TestNG-test=chromeTest-2] letcode:56 - close the browser
2023-01-17 13:23:15,691  INFO [TestNG-test=chromeTest-1] letcode:56 - close the browser
2023-01-17 13:25:18,652  INFO [TestNG-test=chromeTest-1] letcode:43 - browser is opened
2023-01-17 13:25:18,652  INFO [TestNG-test=chromeTest-3] letcode:43 - browser is opened
2023-01-17 13:25:18,654  INFO [TestNG-test=chromeTest-2] letcode:43 - browser is opened
2023-01-17 13:25:23,529  INFO [TestNG-test=chromeTest-3] letcode:48 - site is opened
2023-01-17 13:25:23,934  INFO [TestNG-test=chromeTest-3] letcode:20 - WorkSpace Label Test Passed
2023-01-17 13:25:24,086  INFO [TestNG-test=chromeTest-1] letcode:48 - site is opened
2023-01-17 13:25:24,127  INFO [TestNG-test=chromeTest-2] letcode:48 - site is opened
2023-01-17 13:25:24,304  INFO [TestNG-test=chromeTest-1] letcode:25 - test case passed
2023-01-17 13:25:28,954  INFO [TestNG-test=chromeTest-3] letcode:56 - close the browser
2023-01-17 13:25:29,308  INFO [TestNG-test=chromeTest-1] letcode:56 - close the browser
2023-01-17 13:25:29,418  INFO [TestNG-test=chromeTest-2] letcode:56 - close the browser
2023-01-17 13:54:33,907  INFO [TestNG-test=chromeTest-1] letcode:47 - browser is opened
2023-01-17 13:54:33,906  INFO [TestNG-test=chromeTest-2] letcode:47 - browser is opened
2023-01-17 13:54:33,908  INFO [TestNG-test=chromeTest-3] letcode:47 - browser is opened
2023-01-17 13:54:38,472  INFO [TestNG-test=chromeTest-2] letcode:52 - site is opened
2023-01-17 13:54:38,540  INFO [TestNG-test=chromeTest-3] letcode:52 - site is opened
2023-01-17 13:54:38,879  INFO [TestNG-test=chromeTest-3] letcode:20 - WorkSpace Label Test Passed
2023-01-17 13:54:40,381  INFO [TestNG-test=chromeTest-1] letcode:52 - site is opened
2023-01-17 13:54:40,571  INFO [TestNG-test=chromeTest-1] letcode:25 - test case passed
2023-01-17 13:54:43,908  INFO [TestNG-test=chromeTest-3] letcode:60 - close the browser
2023-01-17 13:54:43,953  INFO [TestNG-test=chromeTest-2] letcode:60 - close the browser
2023-01-17 13:54:45,583  INFO [TestNG-test=chromeTest-1] letcode:60 - close the browser
2023-01-17 14:00:07,472  INFO [TestNG-test=chromeTest-3] letcode:47 - browser is opened
2023-01-17 14:00:07,471  INFO [TestNG-test=chromeTest-2] letcode:47 - browser is opened
2023-01-17 14:00:07,473  INFO [TestNG-test=chromeTest-1] letcode:47 - browser is opened
2023-01-17 14:00:14,814  INFO [TestNG-test=firefoxTest-1] letcode:47 - browser is opened
2023-01-17 14:00:14,826  INFO [TestNG-test=chromeTest-1] letcode:52 - site is opened
2023-01-17 14:00:14,968  INFO [TestNG-test=chromeTest-2] letcode:52 - site is opened
2023-01-17 14:00:14,987  INFO [TestNG-test=firefoxTest-3] letcode:47 - browser is opened
2023-01-17 14:00:15,411  INFO [TestNG-test=firefoxTest-2] letcode:47 - browser is opened
2023-01-17 14:00:15,742  INFO [TestNG-test=chromeTest-3] letcode:52 - site is opened
2023-01-17 14:00:16,248  INFO [TestNG-test=chromeTest-3] letcode:20 - WorkSpace Label Test Passed
2023-01-17 14:00:16,395  INFO [TestNG-test=chromeTest-1] letcode:25 - test case passed
2023-01-17 14:00:19,189  INFO [TestNG-test=firefoxTest-1] letcode:52 - site is opened
2023-01-17 14:00:19,446  INFO [TestNG-test=firefoxTest-1] letcode:25 - test case passed
2023-01-17 14:00:20,826  INFO [TestNG-test=chromeTest-2] letcode:60 - close the browser
2023-01-17 14:00:21,256  INFO [TestNG-test=chromeTest-3] letcode:60 - close the browser
2023-01-17 14:00:21,412  INFO [TestNG-test=chromeTest-1] letcode:60 - close the browser
2023-01-17 14:00:22,234  INFO [TestNG-test=firefoxTest-2] letcode:52 - site is opened
2023-01-17 14:00:24,459  INFO [TestNG-test=firefoxTest-1] letcode:60 - close the browser
2023-01-17 14:00:25,464  INFO [TestNG-test=firefoxTest-3] letcode:52 - site is opened
2023-01-17 14:00:25,561  INFO [TestNG-test=firefoxTest-3] letcode:20 - WorkSpace Label Test Passed
2023-01-17 14:00:27,374  INFO [TestNG-test=firefoxTest-2] letcode:60 - close the browser
2023-01-17 14:00:30,574  INFO [TestNG-test=firefoxTest-3] letcode:60 - close the browser
2023-01-17 14:21:05,970  INFO [main] letcode:47 - browser is opened
2023-01-17 14:21:09,924  INFO [main] letcode:52 - site is opened
2023-01-17 14:21:10,195  INFO [main] letcode:20 - WorkSpace Label Test Passed
2023-01-17 14:21:15,213  INFO [main] letcode:60 - close the browser
2023-01-17 14:45:10,825  INFO [main] letcode:47 - browser is opened
2023-01-17 14:45:15,049  INFO [main] letcode:52 - site is opened
2023-01-17 14:45:15,291  INFO [main] letcode:25 - test case passed
2023-01-17 14:45:20,301  INFO [main] letcode:60 - close the browser
2023-01-17 14:45:21,271  INFO [main] letcode:47 - browser is opened
2023-01-17 14:45:25,733  INFO [main] letcode:52 - site is opened
2023-01-17 14:45:26,020  INFO [main] letcode:20 - WorkSpace Label Test Passed
2023-01-17 14:45:31,030  INFO [main] letcode:60 - close the browser
2023-01-17 14:45:31,946  INFO [main] letcode:47 - browser is opened
2023-01-17 14:45:36,862  INFO [main] letcode:52 - site is opened
2023-01-17 14:45:42,089  INFO [main] letcode:60 - close the browser
2023-01-17 14:47:29,813  INFO [TestNG-test=Test-2] letcode:47 - browser is opened
2023-01-17 14:47:29,812  INFO [TestNG-test=Test-3] letcode:47 - browser is opened
2023-01-17 14:47:29,815  INFO [TestNG-test=Test-1] letcode:47 - browser is opened
2023-01-17 14:47:36,037  INFO [TestNG-test=Test-2] letcode:52 - site is opened
2023-01-17 14:47:36,353  INFO [TestNG-test=Test-2] letcode:20 - WorkSpace Label Test Passed
2023-01-17 14:47:36,430  INFO [TestNG-test=Test-1] letcode:52 - site is opened
2023-01-17 14:47:36,601  INFO [TestNG-test=Test-3] letcode:52 - site is opened
2023-01-17 14:47:36,752  INFO [TestNG-test=Test-1] letcode:25 - test case passed
2023-01-17 14:47:41,364  INFO [TestNG-test=Test-2] letcode:60 - close the browser
2023-01-17 14:47:41,762  INFO [TestNG-test=Test-1] letcode:60 - close the browser
2023-01-17 14:47:41,903  INFO [TestNG-test=Test-3] letcode:60 - close the browser
2023-01-17 15:15:47,510  INFO [TestNG-test=Test-1] letcode:47 - browser is opened
2023-01-17 15:15:51,717  INFO [TestNG-test=Test-1] letcode:52 - site is opened
2023-01-17 15:15:56,977  INFO [TestNG-test=Test-1] letcode:60 - close the browser
2023-01-17 15:17:20,016  INFO [TestNG-test=Test-1] letcode:47 - browser is opened
2023-01-17 15:17:24,681  INFO [TestNG-test=Test-1] letcode:52 - site is opened
2023-01-17 15:17:29,965  INFO [TestNG-test=Test-1] letcode:60 - close the browser
2023-01-17 15:21:32,486  INFO [TestNG-test=Test-1] letcode:47 - browser is opened
2023-01-17 15:21:36,185  INFO [TestNG-test=Test-1] letcode:52 - site is opened
2023-01-17 15:21:41,411  INFO [TestNG-test=Test-1] letcode:60 - close the browser
2023-01-17 15:23:04,109  INFO [TestNG-test=Test-2] letcode:47 - browser is opened
2023-01-17 15:23:04,108  INFO [TestNG-test=Test-1] letcode:47 - browser is opened
2023-01-17 15:23:09,209  INFO [TestNG-test=Test-1] letcode:52 - site is opened
2023-01-17 15:23:14,594  INFO [TestNG-test=Test-1] letcode:60 - close the browser
2023-01-17 15:23:24,551  INFO [TestNG-test=Test-2] letcode:52 - site is opened
2023-01-17 15:23:29,741  INFO [TestNG-test=Test-2] letcode:60 - close the browser
2023-01-17 15:23:55,716  INFO [TestNG-test=Test-1] letcode:47 - browser is opened
2023-01-17 15:24:00,102  INFO [TestNG-test=Test-1] letcode:52 - site is opened
2023-01-17 15:24:05,548  INFO [TestNG-test=Test-1] letcode:60 - close the browser
2023-01-17 15:24:13,024  INFO [TestNG-test=Test-1] letcode:47 - browser is opened
2023-01-17 15:24:13,023  INFO [TestNG-test=Test-2] letcode:47 - browser is opened
2023-01-17 15:24:17,846  INFO [TestNG-test=Test-1] letcode:52 - site is opened
2023-01-17 15:24:18,112  INFO [TestNG-test=Test-2] letcode:52 - site is opened
2023-01-17 15:24:23,296  INFO [TestNG-test=Test-1] letcode:60 - close the browser
2023-01-17 15:24:23,375  INFO [TestNG-test=Test-2] letcode:60 - close the browser
2023-01-17 15:26:39,065  INFO [TestNG-test=Test-1] letcode:47 - browser is opened
2023-01-17 15:26:39,067  INFO [TestNG-test=Test-2] letcode:47 - browser is opened
2023-01-17 15:26:43,715  INFO [TestNG-test=Test-2] letcode:52 - site is opened
2023-01-17 15:26:45,176  INFO [TestNG-test=Test-1] letcode:52 - site is opened
2023-01-17 15:26:50,650  INFO [TestNG-test=Test-1] letcode:60 - close the browser
2023-01-17 15:27:19,086  INFO [TestNG-test=Test-2] letcode:60 - close the browser
2023-01-17 15:28:51,450  INFO [TestNG-test=Test-2] letcode:47 - browser is opened
2023-01-17 15:28:51,452  INFO [TestNG-test=Test-1] letcode:47 - browser is opened
2023-01-17 15:28:55,482  INFO [TestNG-test=Test-2] letcode:52 - site is opened
2023-01-17 15:28:55,763  INFO [TestNG-test=Test-1] letcode:52 - site is opened
2023-01-17 15:29:01,398  INFO [TestNG-test=Test-1] letcode:60 - close the browser
2023-01-17 15:29:30,818  INFO [TestNG-test=Test-2] letcode:60 - close the browser
2023-01-17 15:31:21,663  INFO [TestNG-test=Test-1] letcode:47 - browser is opened
2023-01-17 15:31:25,804  INFO [TestNG-test=Test-1] letcode:52 - site is opened
2023-01-17 15:31:26,297  INFO [TestNG-test=Test-1] letcode:18 - Input
2023-01-17 15:31:26,300  INFO [TestNG-test=Test-1] letcode:21 - we got the right 'Input' text
2023-01-17 15:31:31,310  INFO [TestNG-test=Test-1] letcode:60 - close the browser
2023-01-17 15:59:57,427  INFO [TestNG-test=Test-1] letcode:47 - browser is opened
2023-01-17 16:00:01,143  INFO [TestNG-test=Test-1] letcode:52 - site is opened
2023-01-17 16:00:06,420  INFO [TestNG-test=Test-1] letcode:60 - close the browser
2023-01-17 16:02:54,892  INFO [TestNG-test=Test-1] letcode:47 - browser is opened
2023-01-17 16:02:58,585  INFO [TestNG-test=Test-1] letcode:52 - site is opened
2023-01-17 16:03:03,837  INFO [TestNG-test=Test-1] letcode:60 - close the browser
2023-01-17 16:05:07,330  INFO [TestNG-test=Test-1] letcode:47 - browser is opened
2023-01-17 16:05:10,692  INFO [TestNG-test=Test-1] letcode:52 - site is opened
2023-01-17 16:05:15,956  INFO [TestNG-test=Test-1] letcode:60 - close the browser
2023-01-17 16:08:47,832  INFO [TestNG-test=Test-1] letcode:47 - browser is opened
2023-01-17 16:08:49,107  INFO [TestNG-test=Test-1] letcode:52 - site is opened
2023-01-17 16:09:00,400  INFO [TestNG-test=Test-1] letcode:47 - browser is opened
2023-01-17 16:09:03,780  INFO [TestNG-test=Test-1] letcode:52 - site is opened
2023-01-17 16:09:09,044  INFO [TestNG-test=Test-1] letcode:60 - close the browser
2023-01-17 16:57:01,759  INFO [TestNG-test=Test-1] letcode:47 - browser is opened
2023-01-17 16:57:05,202  INFO [TestNG-test=Test-1] letcode:52 - site is opened
2023-01-17 16:57:10,612  INFO [TestNG-test=Test-1] letcode:60 - close the browser
2023-01-18 11:21:58,259  INFO [TestNG-test=Test-1] letcode:47 - browser is opened
2023-01-18 11:22:02,282  INFO [TestNG-test=Test-1] letcode:52 - site is opened
2023-01-18 11:22:07,894  INFO [TestNG-test=Test-1] letcode:60 - close the browser
2023-01-18 11:39:51,090  INFO [TestNG-test=Test-1] letcode:47 - browser is opened
2023-01-18 11:39:55,087  INFO [TestNG-test=Test-1] letcode:52 - site is opened
2023-01-18 11:40:00,775  INFO [TestNG-test=Test-1] letcode:60 - close the browser
2023-01-18 11:49:29,097  INFO [TestNG-test=Test-1] letcode:47 - browser is opened
2023-01-18 11:49:32,917  INFO [TestNG-test=Test-1] letcode:52 - site is opened
2023-01-18 11:50:08,576  INFO [TestNG-test=Test-1] letcode:60 - close the browser
2023-01-18 11:59:54,702  INFO [TestNG-test=Test-1] letcode:47 - browser is opened
2023-01-18 11:59:58,955  INFO [TestNG-test=Test-1] letcode:52 - site is opened
2023-01-18 12:00:34,554  INFO [TestNG-test=Test-1] letcode:60 - close the browser
2023-01-18 12:02:33,647  INFO [TestNG-test=Test-1] letcode:47 - browser is opened
2023-01-18 12:02:37,680  INFO [TestNG-test=Test-1] letcode:52 - site is opened
2023-01-18 12:02:43,316  INFO [TestNG-test=Test-1] letcode:60 - close the browser
2023-01-18 12:04:03,659  INFO [TestNG-test=Test-1] letcode:47 - browser is opened
2023-01-18 12:04:08,152  INFO [TestNG-test=Test-1] letcode:52 - site is opened
2023-01-18 12:04:13,779  INFO [TestNG-test=Test-1] letcode:60 - close the browser
2023-01-18 12:09:02,083  INFO [TestNG-test=Test-1] letcode:47 - browser is opened
2023-01-18 12:09:06,452  INFO [TestNG-test=Test-1] letcode:52 - site is opened
2023-01-18 12:09:23,240  INFO [TestNG-test=Test-1] letcode:60 - close the browser
2023-01-18 13:18:57,088  INFO [TestNG-test=Test-1] letcode:47 - browser is opened
2023-01-18 13:19:01,591  INFO [TestNG-test=Test-1] letcode:52 - site is opened
2023-01-18 13:19:13,360  INFO [TestNG-test=Test-1] letcode:60 - close the browser
2023-01-18 13:21:59,106  INFO [TestNG-test=Test-1] letcode:47 - browser is opened
2023-01-18 13:22:03,532  INFO [TestNG-test=Test-1] letcode:52 - site is opened
2023-01-18 13:22:15,289  INFO [TestNG-test=Test-1] letcode:60 - close the browser
2023-01-18 13:24:38,793  INFO [TestNG-test=Test-1] letcode:47 - browser is opened
2023-01-18 13:24:43,670  INFO [TestNG-test=Test-1] letcode:52 - site is opened
2023-01-18 13:24:55,386  INFO [TestNG-test=Test-1] letcode:60 - close the browser
2023-01-18 13:36:34,924  INFO [TestNG-test=Test-1] letcode:47 - browser is opened
2023-01-18 13:36:39,473  INFO [TestNG-test=Test-1] letcode:52 - site is opened
2023-01-18 13:36:51,743  INFO [TestNG-test=Test-1] letcode:60 - close the browser
2023-01-18 13:38:52,900  INFO [TestNG-test=Test-1] letcode:47 - browser is opened
2023-01-18 13:38:57,807  INFO [TestNG-test=Test-1] letcode:52 - site is opened
2023-01-18 13:39:10,020  INFO [TestNG-test=Test-1] letcode:60 - close the browser
2023-01-18 13:40:39,046  INFO [TestNG-test=Test-1] letcode:47 - browser is opened
2023-01-18 13:40:44,262  INFO [TestNG-test=Test-1] letcode:52 - site is opened
2023-01-18 13:40:56,517  INFO [TestNG-test=Test-1] letcode:60 - close the browser
2023-01-18 13:50:30,287  INFO [TestNG-test=Test-1] letcode:47 - browser is opened
2023-01-18 13:50:35,061  INFO [TestNG-test=Test-1] letcode:52 - site is opened
2023-01-18 13:50:47,216  INFO [TestNG-test=Test-1] letcode:60 - close the browser
2023-01-18 13:59:47,073  INFO [TestNG-test=Test-1] letcode:47 - browser is opened
2023-01-18 13:59:52,347  INFO [TestNG-test=Test-1] letcode:52 - site is opened
2023-01-18 14:00:04,670  INFO [TestNG-test=Test-1] letcode:60 - close the browser
2023-01-18 14:22:52,513  INFO [TestNG-test=Test-1] letcode:47 - browser is opened
2023-01-18 14:22:59,008  INFO [TestNG-test=Test-1] letcode:52 - site is opened
2023-01-18 14:23:11,238  INFO [TestNG-test=Test-1] letcode:60 - close the browser
2023-01-18 14:25:49,890  INFO [TestNG-test=Test-1] letcode:47 - browser is opened
2023-01-18 14:26:00,518  INFO [TestNG-test=Test-1] letcode:52 - site is opened
2023-01-18 14:26:06,687  INFO [TestNG-test=Test-1] letcode:60 - close the browser
2023-01-18 14:27:17,302  INFO [TestNG-test=Test-4] letcode:47 - browser is opened
2023-01-18 14:27:17,300  INFO [TestNG-test=Test-1] letcode:47 - browser is opened
2023-01-18 14:27:17,298  INFO [TestNG-test=Test-3] letcode:47 - browser is opened
2023-01-18 14:27:17,303  INFO [TestNG-test=Test-2] letcode:47 - browser is opened
2023-01-18 14:27:22,288  INFO [TestNG-test=Test-3] letcode:52 - site is opened
2023-01-18 14:27:22,623  INFO [TestNG-test=Test-3] letcode:25 - test case passed
2023-01-18 14:27:23,351  INFO [TestNG-test=Test-1] letcode:52 - site is opened
2023-01-18 14:27:23,694  INFO [TestNG-test=Test-4] letcode:52 - site is opened
2023-01-18 14:27:23,924  INFO [TestNG-test=Test-2] letcode:52 - site is opened
2023-01-18 14:27:23,967  INFO [TestNG-test=Test-4] letcode:20 - WorkSpace Label Test Passed
2023-01-18 14:27:27,643  INFO [TestNG-test=Test-3] letcode:60 - close the browser
2023-01-18 14:27:28,543  INFO [TestNG-test=Test-3] letcode:47 - browser is opened
2023-01-18 14:27:28,972  INFO [TestNG-test=Test-4] letcode:60 - close the browser
2023-01-18 14:27:29,080  INFO [TestNG-test=Test-1] letcode:60 - close the browser
2023-01-18 14:27:29,823  INFO [TestNG-test=Test-4] letcode:47 - browser is opened
2023-01-18 14:27:30,000  INFO [TestNG-test=Test-1] letcode:47 - browser is opened
2023-01-18 14:27:30,105  INFO [TestNG-test=Test-2] letcode:60 - close the browser
2023-01-18 14:27:30,814  INFO [TestNG-test=Test-2] letcode:47 - browser is opened
2023-01-18 14:27:35,368  INFO [TestNG-test=Test-3] letcode:52 - site is opened
2023-01-18 14:27:36,375  INFO [TestNG-test=Test-4] letcode:52 - site is opened
2023-01-18 14:27:36,483  INFO [TestNG-test=Test-1] letcode:52 - site is opened
2023-01-18 14:27:37,536  INFO [TestNG-test=Test-2] letcode:52 - site is opened
2023-01-18 14:27:41,564  INFO [TestNG-test=Test-3] letcode:60 - close the browser
2023-01-18 14:27:41,727  INFO [TestNG-test=Test-1] letcode:60 - close the browser
2023-01-18 14:27:42,685  INFO [TestNG-test=Test-3] letcode:47 - browser is opened
2023-01-18 14:27:42,790  INFO [TestNG-test=Test-1] letcode:47 - browser is opened
2023-01-18 14:27:42,848  INFO [TestNG-test=Test-2] letcode:60 - close the browser
2023-01-18 14:27:43,578  INFO [TestNG-test=Test-2] letcode:47 - browser is opened
2023-01-18 14:27:47,878  INFO [TestNG-test=Test-4] letcode:60 - close the browser
2023-01-18 14:27:49,813  INFO [TestNG-test=Test-1] letcode:52 - site is opened
2023-01-18 14:27:50,297  INFO [TestNG-test=Test-2] letcode:52 - site is opened
2023-01-18 14:27:50,353  INFO [TestNG-test=Test-3] letcode:52 - site is opened
2023-01-18 14:27:51,036  INFO [TestNG-test=Test-2] letcode:18 - Input
2023-01-18 14:27:51,036  INFO [TestNG-test=Test-2] letcode:21 - we got the right 'Input' text
2023-01-18 14:27:55,657  INFO [TestNG-test=Test-1] letcode:60 - close the browser
2023-01-18 14:27:56,043  INFO [TestNG-test=Test-2] letcode:60 - close the browser
2023-01-18 14:27:56,187  INFO [TestNG-test=Test-3] letcode:60 - close the browser
2023-01-18 14:28:40,217  INFO [TestNG-test=Test-1] letcode:47 - browser is opened
2023-01-18 14:28:45,407  INFO [TestNG-test=Test-1] letcode:52 - site is opened
2023-01-18 14:28:51,639  INFO [TestNG-test=Test-1] letcode:60 - close the browser
2023-01-18 14:38:21,721  INFO [TestNG-test=Test-1] letcode:47 - browser is opened
2023-01-18 14:39:07,351  INFO [TestNG-test=Test-1] letcode:52 - site is opened
2023-01-18 14:39:13,576  INFO [TestNG-test=Test-1] letcode:60 - close the browser
2023-01-18 14:39:40,868  INFO [TestNG-test=Test-1] letcode:47 - browser is opened
2023-01-18 14:39:44,694  INFO [TestNG-test=Test-1] letcode:52 - site is opened
2023-01-18 14:39:51,009  INFO [TestNG-test=Test-1] letcode:60 - close the browser
2023-01-18 14:58:45,558  INFO [TestNG-test=Test-1] letcode:47 - browser is opened
2023-01-18 14:58:49,617  INFO [TestNG-test=Test-1] letcode:52 - site is opened
2023-01-18 14:58:55,216  INFO [TestNG-test=Test-1] letcode:60 - close the browser
2023-01-18 15:00:39,516  INFO [TestNG-test=Test-1] letcode:47 - browser is opened
2023-01-18 15:00:44,622  INFO [TestNG-test=Test-1] letcode:52 - site is opened
2023-01-18 15:01:20,453  INFO [TestNG-test=Test-1] letcode:60 - close the browser
2023-01-18 15:05:43,587  INFO [TestNG-test=Test-1] letcode:47 - browser is opened
2023-01-18 15:05:49,367  INFO [TestNG-test=Test-1] letcode:52 - site is opened
2023-01-18 15:06:25,213  INFO [TestNG-test=Test-1] letcode:60 - close the browser
2023-01-18 15:07:37,080  INFO [TestNG-test=Test-1] letcode:47 - browser is opened
2023-01-18 15:07:41,494  INFO [TestNG-test=Test-1] letcode:52 - site is opened
2023-01-18 15:07:47,225  INFO [TestNG-test=Test-1] letcode:60 - close the browser
2023-01-18 15:12:57,644  INFO [TestNG-test=ChromeTest-1] letcode:47 - browser is opened
2023-01-18 15:13:03,880  INFO [TestNG-test=ChromeTest-1] letcode:52 - site is opened
2023-01-18 15:13:09,657  INFO [TestNG-test=ChromeTest-1] letcode:60 - close the browser
2023-01-18 15:13:13,902  INFO [TestNG-test=FirefoxTest-1] letcode:47 - browser is opened
2023-01-18 15:13:18,784  INFO [TestNG-test=FirefoxTest-1] letcode:52 - site is opened
2023-01-18 15:13:24,995  INFO [TestNG-test=FirefoxTest-1] letcode:60 - close the browser
2023-01-18 15:22:29,200  INFO [TestNG-test=ChromeTest-1] letcode:47 - browser is opened
2023-01-18 15:22:35,034  INFO [TestNG-test=ChromeTest-1] letcode:52 - site is opened
2023-01-18 15:22:37,421  INFO [TestNG-test=ChromeTest-1] letcode:60 - close the browser
2023-01-18 15:22:39,474  INFO [TestNG-test=FirefoxTest-1] letcode:47 - browser is opened
2023-01-18 15:22:43,468  INFO [TestNG-test=FirefoxTest-1] letcode:52 - site is opened
2023-01-18 15:22:46,175  INFO [TestNG-test=FirefoxTest-1] letcode:60 - close the browser
2023-01-18 15:23:48,870  INFO [TestNG-test=ChromeTest-1] letcode:47 - browser is opened
2023-01-18 15:23:52,467  INFO [TestNG-test=ChromeTest-1] letcode:52 - site is opened
2023-01-18 15:23:55,140  INFO [TestNG-test=ChromeTest-1] letcode:60 - close the browser
2023-01-18 15:23:57,121  INFO [TestNG-test=FirefoxTest-1] letcode:47 - browser is opened
2023-01-18 15:24:00,706  INFO [TestNG-test=FirefoxTest-1] letcode:52 - site is opened
2023-01-18 15:24:03,995  INFO [TestNG-test=FirefoxTest-1] letcode:60 - close the browser
2023-01-18 15:58:17,326  INFO [TestNG-test=ChromeTest-1] letcode:47 - browser is opened
2023-01-18 15:58:22,316  INFO [TestNG-test=ChromeTest-1] letcode:52 - site is opened
2023-01-18 15:58:54,948  INFO [TestNG-test=ChromeTest-1] letcode:60 - close the browser
2023-01-18 15:58:58,866  INFO [TestNG-test=FirefoxTest-1] letcode:47 - browser is opened
2023-01-18 15:59:49,654  INFO [TestNG-test=FirefoxTest-1] letcode:52 - site is opened
2023-01-18 15:59:58,467  INFO [TestNG-test=ChromeTest-1] letcode:47 - browser is opened
2023-01-18 16:00:04,589  INFO [TestNG-test=ChromeTest-1] letcode:52 - site is opened
2023-01-18 16:00:22,420  INFO [TestNG-test=FirefoxTest-1] letcode:60 - close the browser
2023-01-18 16:00:37,240  INFO [TestNG-test=ChromeTest-1] letcode:60 - close the browser
2023-01-18 16:00:40,651  INFO [TestNG-test=FirefoxTest-1] letcode:47 - browser is opened
2023-01-18 16:00:45,243  INFO [TestNG-test=FirefoxTest-1] letcode:52 - site is opened
2023-01-18 16:02:48,383  INFO [TestNG-test=ChromeTest-1] letcode:47 - browser is opened
2023-01-18 16:02:53,597  INFO [TestNG-test=ChromeTest-1] letcode:52 - site is opened
2023-01-18 16:03:26,226  INFO [TestNG-test=ChromeTest-1] letcode:60 - close the browser
2023-01-18 16:03:29,599  INFO [TestNG-test=FirefoxTest-1] letcode:47 - browser is opened
2023-01-18 16:03:34,735  INFO [TestNG-test=FirefoxTest-1] letcode:52 - site is opened
2023-01-18 16:04:08,431  INFO [TestNG-test=FirefoxTest-1] letcode:60 - close the browser
2023-01-18 16:04:31,568  INFO [TestNG-test=ChromeTest-1] letcode:47 - browser is opened
2023-01-18 16:04:35,859  INFO [TestNG-test=ChromeTest-1] letcode:52 - site is opened
2023-01-18 16:05:08,474  INFO [TestNG-test=ChromeTest-1] letcode:60 - close the browser
2023-01-18 16:05:11,655  INFO [TestNG-test=FirefoxTest-1] letcode:47 - browser is opened
2023-01-18 16:05:12,730  INFO [TestNG-test=FirefoxTest-1] letcode:52 - site is opened
2023-01-18 16:06:04,975  INFO [TestNG-test=ChromeTest-1] letcode:47 - browser is opened
2023-01-18 16:06:12,765  INFO [TestNG-test=ChromeTest-1] letcode:52 - site is opened
2023-01-18 16:06:45,426  INFO [TestNG-test=ChromeTest-1] letcode:60 - close the browser
2023-01-18 16:06:48,757  INFO [TestNG-test=FirefoxTest-1] letcode:47 - browser is opened
2023-01-18 16:06:49,882  INFO [TestNG-test=FirefoxTest-1] letcode:52 - site is opened
2023-01-18 16:08:29,019  INFO [TestNG-test=ChromeTest-1] letcode:47 - browser is opened
2023-01-18 16:08:34,891  INFO [TestNG-test=ChromeTest-1] letcode:52 - site is opened
2023-01-18 16:09:34,298  INFO [TestNG-test=ChromeTest-1] letcode:47 - browser is opened
2023-01-18 16:09:39,766  INFO [TestNG-test=ChromeTest-1] letcode:52 - site is opened
2023-01-18 16:10:06,383  INFO [TestNG-test=ChromeTest-1] letcode:60 - close the browser
2023-01-18 16:10:09,810  INFO [TestNG-test=FirefoxTest-1] letcode:47 - browser is opened
2023-01-18 16:10:11,083  INFO [TestNG-test=FirefoxTest-1] letcode:52 - site is opened
2023-01-18 16:10:18,119  INFO [TestNG-test=ChromeTest-1] letcode:60 - close the browser
2023-01-18 16:10:21,262  INFO [TestNG-test=FirefoxTest-1] letcode:47 - browser is opened
2023-01-18 16:10:25,292  INFO [TestNG-test=FirefoxTest-1] letcode:52 - site is opened
2023-01-18 16:10:35,886  INFO [TestNG-test=FirefoxTest-1] letcode:60 - close the browser
2023-01-18 16:15:50,220  INFO [TestNG-test=ChromeTest-1] letcode:47 - browser is opened
2023-01-18 16:16:35,033  INFO [TestNG-test=ChromeTest-1] letcode:52 - site is opened
2023-01-18 16:16:38,335  INFO [TestNG-test=FirefoxTest-1] letcode:47 - browser is opened
2023-01-18 16:16:43,372  INFO [TestNG-test=ChromeTest-1] letcode:47 - browser is opened
2023-01-18 16:16:56,191  INFO [TestNG-test=FirefoxTest-1] letcode:52 - site is opened
2023-01-18 16:17:05,033  INFO [TestNG-test=ChromeTest-1] letcode:52 - site is opened
2023-01-18 16:17:17,476  INFO [TestNG-test=FirefoxTest-1] letcode:60 - close the browser
2023-01-18 16:18:36,332  INFO [TestNG-test=FirefoxTest-1] letcode:47 - browser is opened
2023-01-18 16:18:42,717  INFO [TestNG-test=FirefoxTest-1] letcode:52 - site is opened
2023-01-18 16:18:48,661  INFO [TestNG-test=FirefoxTest-1] letcode:60 - close the browser
2023-01-18 16:20:14,592  INFO [TestNG-test=ChromeTest-1] letcode:60 - close the browser
2023-01-18 16:20:17,917  INFO [TestNG-test=FirefoxTest-1] letcode:47 - browser is opened
2023-01-18 16:20:22,830  INFO [TestNG-test=FirefoxTest-1] letcode:52 - site is opened
2023-01-18 16:20:39,250  INFO [TestNG-test=FirefoxTest-1] letcode:60 - close the browser
2023-01-18 16:31:44,425  INFO [TestNG-test=FirefoxTest-1] letcode:47 - browser is opened
2023-01-18 16:31:48,419  INFO [TestNG-test=FirefoxTest-1] letcode:52 - site is opened
2023-01-18 16:32:21,228  INFO [TestNG-test=FirefoxTest-1] letcode:60 - close the browser
2023-01-18 16:33:10,900  INFO [TestNG-test=FirefoxTest-1] letcode:47 - browser is opened
2023-01-18 16:33:14,616  INFO [TestNG-test=FirefoxTest-1] letcode:52 - site is opened
2023-01-18 16:33:20,595  INFO [TestNG-test=FirefoxTest-1] letcode:60 - close the browser
2023-01-18 16:49:43,645  INFO [TestNG-test=FirefoxTest-1] letcode:47 - browser is opened
2023-01-18 16:49:47,962  INFO [TestNG-test=FirefoxTest-1] letcode:52 - site is opened
2023-01-18 16:49:54,233  INFO [TestNG-test=FirefoxTest-1] letcode:60 - close the browser
2023-01-18 16:53:00,942  INFO [TestNG-test=FirefoxTest-1] letcode:47 - browser is opened
2023-01-18 16:53:00,941  INFO [TestNG-test=FirefoxTest-3] letcode:47 - browser is opened
2023-01-18 16:53:00,942  INFO [TestNG-test=FirefoxTest-2] letcode:47 - browser is opened
2023-01-18 16:53:05,706  INFO [TestNG-test=FirefoxTest-2] letcode:52 - site is opened
2023-01-18 16:53:08,748  INFO [TestNG-test=FirefoxTest-3] letcode:52 - site is opened
2023-01-18 16:53:09,553  INFO [TestNG-test=FirefoxTest-2] letcode:60 - close the browser
2023-01-18 16:53:12,425  INFO [TestNG-test=FirefoxTest-2] letcode:47 - browser is opened
2023-01-18 16:53:12,955  INFO [TestNG-test=FirefoxTest-3] letcode:60 - close the browser
2023-01-18 16:53:23,771  INFO [TestNG-test=FirefoxTest-2] letcode:52 - site is opened
2023-01-18 16:53:23,844  INFO [TestNG-test=FirefoxTest-2] letcode:25 - test case passed
2023-01-18 16:53:25,846  INFO [TestNG-test=FirefoxTest-2] letcode:60 - close the browser
2023-01-18 16:53:43,789  INFO [TestNG-test=FirefoxTest-3] letcode:47 - browser is opened
2023-01-18 16:53:43,926  INFO [TestNG-test=FirefoxTest-2] letcode:47 - browser is opened
2023-01-18 16:53:45,870  INFO [TestNG-test=FirefoxTest-1] letcode:52 - site is opened
2023-01-18 16:53:47,753  INFO [TestNG-test=FirefoxTest-3] letcode:52 - site is opened
2023-01-18 16:53:47,831  INFO [TestNG-test=FirefoxTest-3] letcode:20 - WorkSpace Label Test Passed
2023-01-18 16:53:48,970  INFO [TestNG-test=FirefoxTest-2] letcode:52 - site is opened
2023-01-18 16:53:49,450  INFO [TestNG-test=FirefoxTest-1] letcode:60 - close the browser
2023-01-18 16:53:49,836  INFO [TestNG-test=FirefoxTest-3] letcode:60 - close the browser
2023-01-18 16:53:58,218  INFO [TestNG-test=FirefoxTest-2] letcode:60 - close the browser
2023-01-18 16:54:23,613  INFO [TestNG-test=FirefoxTest-3] letcode:47 - browser is opened
2023-01-18 16:54:23,735  INFO [TestNG-test=FirefoxTest-2] letcode:47 - browser is opened
2023-01-18 16:54:23,735  INFO [TestNG-test=FirefoxTest-1] letcode:47 - browser is opened
2023-01-18 16:54:28,295  INFO [TestNG-test=FirefoxTest-3] letcode:52 - site is opened
2023-01-18 16:54:33,711  INFO [TestNG-test=FirefoxTest-2] letcode:52 - site is opened
2023-01-18 16:54:35,090  INFO [TestNG-test=FirefoxTest-3] letcode:60 - close the browser
2023-01-18 16:54:36,540  INFO [TestNG-test=FirefoxTest-2] letcode:60 - close the browser
2023-01-18 16:54:37,103  INFO [TestNG-test=FirefoxTest-1] letcode:52 - site is opened
2023-01-18 16:54:37,983  INFO [TestNG-test=FirefoxTest-3] letcode:47 - browser is opened
2023-01-18 16:54:39,205  INFO [TestNG-test=FirefoxTest-1] letcode:60 - close the browser
2023-01-18 16:54:39,876  INFO [TestNG-test=FirefoxTest-2] letcode:47 - browser is opened
2023-01-18 16:54:43,353  INFO [TestNG-test=FirefoxTest-3] letcode:52 - site is opened
2023-01-18 16:54:44,180  INFO [TestNG-test=FirefoxTest-3] letcode:18 - Input
2023-01-18 16:54:44,180  INFO [TestNG-test=FirefoxTest-3] letcode:21 - we got the right 'Input' text
2023-01-18 16:54:44,321  INFO [TestNG-test=FirefoxTest-2] letcode:52 - site is opened
2023-01-18 16:54:46,183  INFO [TestNG-test=FirefoxTest-3] letcode:60 - close the browser
2023-01-18 16:54:47,875  INFO [TestNG-test=FirefoxTest-2] letcode:60 - close the browser
2023-01-18 16:56:37,721  INFO [TestNG-test=FirefoxTest-2] letcode:47 - browser is opened
2023-01-18 16:56:37,731  INFO [TestNG-test=FirefoxTest-3] letcode:47 - browser is opened
2023-01-18 16:56:37,764  INFO [TestNG-test=FirefoxTest-1] letcode:47 - browser is opened
2023-01-18 16:56:42,103  INFO [TestNG-test=FirefoxTest-3] letcode:52 - site is opened
2023-01-18 16:56:42,602  INFO [TestNG-test=FirefoxTest-2] letcode:52 - site is opened
2023-01-18 16:56:42,718  INFO [TestNG-test=FirefoxTest-1] letcode:52 - site is opened
2023-01-18 16:56:44,926  INFO [TestNG-test=FirefoxTest-3] letcode:60 - close the browser
2023-01-18 16:56:46,194  INFO [TestNG-test=FirefoxTest-2] letcode:60 - close the browser
2023-01-18 16:56:46,769  INFO [TestNG-test=FirefoxTest-1] letcode:60 - close the browser
2023-01-18 16:56:47,801  INFO [TestNG-test=FirefoxTest-3] letcode:47 - browser is opened
2023-01-18 16:56:52,452  INFO [TestNG-test=FirefoxTest-2] letcode:47 - browser is opened
2023-01-18 16:56:53,557  INFO [TestNG-test=FirefoxTest-3] letcode:52 - site is opened
2023-01-18 16:56:56,163  INFO [TestNG-test=FirefoxTest-2] letcode:52 - site is opened
2023-01-18 16:56:56,413  INFO [TestNG-test=FirefoxTest-3] letcode:60 - close the browser
2023-01-18 16:57:05,536  INFO [TestNG-test=FirefoxTest-2] letcode:60 - close the browser
2023-01-19 12:56:56,602  INFO [TestNG-test=FirefoxTest-1] letcode:47 - browser is opened
2023-01-19 12:57:02,865  INFO [TestNG-test=FirefoxTest-1] letcode:52 - site is opened
2023-01-19 12:57:08,957  INFO [TestNG-test=FirefoxTest-1] letcode:60 - close the browser
2023-01-19 13:38:43,548  INFO [TestNG-test=FirefoxTest-1] letcode:47 - browser is opened
2023-01-19 13:38:48,712  INFO [TestNG-test=FirefoxTest-1] letcode:52 - site is opened
2023-01-19 13:38:51,446  INFO [TestNG-test=FirefoxTest-1] letcode:60 - close the browser
2023-01-19 13:38:55,144  INFO [TestNG-test=FirefoxTest-1] letcode:47 - browser is opened
2023-01-19 13:39:00,396  INFO [TestNG-test=FirefoxTest-1] letcode:52 - site is opened
2023-01-19 13:39:02,885  INFO [TestNG-test=FirefoxTest-1] letcode:60 - close the browser
2023-01-19 13:40:01,090  INFO [TestNG-test=FirefoxTest-1] letcode:47 - browser is opened
2023-01-19 13:40:05,029  INFO [TestNG-test=FirefoxTest-1] letcode:52 - site is opened
2023-01-19 13:40:07,667  INFO [TestNG-test=FirefoxTest-1] letcode:60 - close the browser
2023-01-19 13:40:11,596  INFO [TestNG-test=FirefoxTest-1] letcode:47 - browser is opened
2023-01-19 13:40:16,463  INFO [TestNG-test=FirefoxTest-1] letcode:52 - site is opened
2023-01-19 13:40:18,990  INFO [TestNG-test=FirefoxTest-1] letcode:60 - close the browser
2023-01-19 14:06:26,523  INFO [TestNG-test=FirefoxTest-1] letcode:47 - browser is opened
2023-01-19 14:06:31,499  INFO [TestNG-test=FirefoxTest-1] letcode:52 - site is opened
2023-01-19 14:06:34,141  INFO [TestNG-test=FirefoxTest-1] letcode:60 - close the browser
2023-01-19 14:06:40,529  INFO [TestNG-test=FirefoxTest-1] letcode:47 - browser is opened
2023-01-19 14:06:45,044  INFO [TestNG-test=FirefoxTest-1] letcode:52 - site is opened
2023-01-19 14:06:47,644  INFO [TestNG-test=FirefoxTest-1] letcode:60 - close the browser
2023-01-19 14:36:02,278  INFO [TestNG-test=FirefoxTest-1] letcode:47 - browser is opened
2023-01-19 14:36:07,000  INFO [TestNG-test=FirefoxTest-1] letcode:52 - site is opened
2023-01-19 14:36:44,952  INFO [TestNG-test=FirefoxTest-1] letcode:60 - close the browser
2023-01-19 14:38:05,685  INFO [TestNG-test=FirefoxTest-1] letcode:47 - browser is opened
2023-01-19 14:38:10,338  INFO [TestNG-test=FirefoxTest-1] letcode:52 - site is opened
2023-01-19 14:38:11,797  INFO [TestNG-test=FirefoxTest-1] letcode:26 - 
2023-01-19 14:38:13,810  INFO [TestNG-test=FirefoxTest-1] letcode:60 - close the browser
2023-01-19 14:38:17,668  INFO [TestNG-test=FirefoxTest-1] letcode:47 - browser is opened
2023-01-19 14:38:23,880  INFO [TestNG-test=FirefoxTest-1] letcode:52 - site is opened
2023-01-19 14:38:25,207  INFO [TestNG-test=FirefoxTest-1] letcode:26 - Error: There is no user record corresponding to this identifier. The user may have been deleted.
2023-01-19 14:38:27,221  INFO [TestNG-test=FirefoxTest-1] letcode:60 - close the browser
2023-01-19 14:53:17,483  INFO [TestNG-test=FirefoxTest-1] letcode:47 - browser is opened
2023-01-19 14:53:21,356  INFO [TestNG-test=FirefoxTest-1] letcode:52 - site is opened
2023-01-19 14:53:23,970  INFO [TestNG-test=FirefoxTest-1] letcode:60 - close the browser
2023-01-19 14:53:27,784  INFO [TestNG-test=FirefoxTest-1] letcode:47 - browser is opened
2023-01-19 14:53:31,837  INFO [TestNG-test=FirefoxTest-1] letcode:52 - site is opened
2023-01-19 14:53:34,324  INFO [TestNG-test=FirefoxTest-1] letcode:60 - close the browser
2023-01-19 15:08:54,339  INFO [TestNG-test=FirefoxTest-1] letcode:47 - browser is opened
2023-01-19 15:08:59,155  INFO [TestNG-test=FirefoxTest-1] letcode:52 - site is opened
2023-01-19 15:09:00,538  INFO [TestNG-test=FirefoxTest-1] letcode:26 - Error: There is no user record corresponding to this identifier. The user may have been deleted.
2023-01-19 15:09:02,545  INFO [TestNG-test=FirefoxTest-1] letcode:60 - close the browser
2023-01-19 15:09:06,871  INFO [TestNG-test=FirefoxTest-1] letcode:47 - browser is opened
2023-01-19 15:09:11,803  INFO [TestNG-test=FirefoxTest-1] letcode:52 - site is opened
2023-01-19 15:09:13,059  INFO [TestNG-test=FirefoxTest-1] letcode:26 - Error: There is no user record corresponding to this identifier. The user may have been deleted.
2023-01-19 15:09:15,072  INFO [TestNG-test=FirefoxTest-1] letcode:60 - close the browser
2023-01-19 15:18:19,739  INFO [TestNG-test=FirefoxTest-1] letcode:47 - browser is opened
2023-01-19 15:18:22,762  INFO [TestNG-test=FirefoxTest-1] letcode:52 - site is opened
2023-01-19 15:18:23,914  INFO [TestNG-test=FirefoxTest-1] letcode:27 - Error: There is no user record corresponding to this identifier. The user may have been deleted.
2023-01-19 15:18:25,926  INFO [TestNG-test=FirefoxTest-1] letcode:60 - close the browser
2023-01-19 15:18:28,452  INFO [TestNG-test=FirefoxTest-1] letcode:47 - browser is opened
2023-01-19 15:18:32,293  INFO [TestNG-test=FirefoxTest-1] letcode:52 - site is opened
2023-01-19 15:18:33,419  INFO [TestNG-test=FirefoxTest-1] letcode:27 - 
2023-01-19 15:18:35,430  INFO [TestNG-test=FirefoxTest-1] letcode:60 - close the browser
2023-01-19 15:19:54,692  INFO [TestNG-test=FirefoxTest-1] letcode:47 - browser is opened
2023-01-19 15:19:59,101  INFO [TestNG-test=FirefoxTest-1] letcode:52 - site is opened
2023-01-19 15:20:00,246  INFO [TestNG-test=FirefoxTest-1] letcode:27 - Error: There is no user record corresponding to this identifier. The user may have been deleted.
2023-01-19 15:20:02,271  INFO [TestNG-test=FirefoxTest-1] letcode:60 - close the browser
2023-01-19 15:20:06,781  INFO [TestNG-test=FirefoxTest-1] letcode:47 - browser is opened
2023-01-19 15:20:12,948  INFO [TestNG-test=FirefoxTest-1] letcode:52 - site is opened
2023-01-19 15:20:14,077  INFO [TestNG-test=FirefoxTest-1] letcode:27 - 
2023-01-19 15:20:16,096  INFO [TestNG-test=FirefoxTest-1] letcode:60 - close the browser
2023-01-19 15:21:11,195  INFO [TestNG-test=FirefoxTest-1] letcode:47 - browser is opened
2023-01-19 15:21:15,788  INFO [TestNG-test=FirefoxTest-1] letcode:52 - site is opened
2023-01-19 15:21:16,871  INFO [TestNG-test=FirefoxTest-1] letcode:27 - Error: There is no user record corresponding to this identifier. The user may have been deleted.
2023-01-19 15:21:18,892  INFO [TestNG-test=FirefoxTest-1] letcode:60 - close the browser
2023-01-19 15:21:23,465  INFO [TestNG-test=FirefoxTest-1] letcode:47 - browser is opened
2023-01-19 15:21:27,153  INFO [TestNG-test=FirefoxTest-1] letcode:52 - site is opened
2023-01-19 15:21:28,272  INFO [TestNG-test=FirefoxTest-1] letcode:27 - Error: There is no user record corresponding to this identifier. The user may have been deleted.
2023-01-19 15:21:30,280  INFO [TestNG-test=FirefoxTest-1] letcode:60 - close the browser
2023-01-19 16:28:47,340  INFO [TestNG-test=FirefoxTest-1] letcode:47 - browser is opened
2023-01-19 16:28:53,686  INFO [TestNG-test=FirefoxTest-1] letcode:52 - site is opened
2023-01-19 16:28:56,428  INFO [TestNG-test=FirefoxTest-1] letcode:60 - close the browser
2023-01-19 16:29:02,392  INFO [TestNG-test=FirefoxTest-1] letcode:47 - browser is opened
2023-01-19 16:29:08,974  INFO [TestNG-test=FirefoxTest-1] letcode:52 - site is opened
2023-01-19 16:29:11,555  INFO [TestNG-test=FirefoxTest-1] letcode:60 - close the browser
2023-01-19 16:45:31,339  INFO [TestNG-test=FirefoxTest-1] letcode:47 - browser is opened
2023-01-19 16:45:38,806  INFO [TestNG-test=FirefoxTest-1] letcode:52 - site is opened
2023-01-19 16:45:39,001  INFO [TestNG-test=FirefoxTest-1] letcode:25 - test case passed
2023-01-19 16:45:41,014  INFO [TestNG-test=FirefoxTest-1] letcode:60 - close the browser
